<?xml version="1.0" encoding="UTF-8"?>
<testng-results skipped="0" failed="0" ignored="0" total="10" passed="10">
  <reporter-output>
  </reporter-output>
  <suite name="Default suite" duration-ms="1165" started-at="2020-10-18T09:00:29Z" finished-at="2020-10-18T09:00:30Z">
    <groups>
    </groups>
    <test name="Default test" duration-ms="1165" started-at="2020-10-18T09:00:29Z" finished-at="2020-10-18T09:00:30Z">
      <class name="additionalAnnotations.dataProviderConcept">
        <test-method status="PASS" signature="loginTest(java.lang.String, java.lang.String, java.lang.String)[pri:0, instance:additionalAnnotations.dataProviderConcept@28feb3fa]" name="loginTest" duration-ms="13" started-at="2020-10-18T09:00:30Z" data-provider="loginData2" finished-at="2020-10-18T09:00:30Z">
          <params>
            <param index="0">
              <value>
                <![CDATA[User1]]>
              </value>
            </param>
            <param index="1">
              <value>
                <![CDATA[Password1]]>
              </value>
            </param>
            <param index="2">
              <value>
                <![CDATA[1234]]>
              </value>
            </param>
          </params>
          <reporter-output>
          </reporter-output>
        </test-method> <!-- loginTest -->
        <test-method status="PASS" signature="loginTest(java.lang.String, java.lang.String, java.lang.String)[pri:0, instance:additionalAnnotations.dataProviderConcept@28feb3fa]" name="loginTest" duration-ms="3" started-at="2020-10-18T09:00:30Z" data-provider="loginData2" finished-at="2020-10-18T09:00:30Z">
          <params>
            <param index="0">
              <value>
                <![CDATA[User2]]>
              </value>
            </param>
            <param index="1">
              <value>
                <![CDATA[Password2]]>
              </value>
            </param>
            <param index="2">
              <value>
                <![CDATA[1235]]>
              </value>
            </param>
          </params>
          <reporter-output>
          </reporter-output>
        </test-method> <!-- loginTest -->
        <test-method status="PASS" signature="loginTest(java.lang.String, java.lang.String, java.lang.String)[pri:0, instance:additionalAnnotations.dataProviderConcept@28feb3fa]" name="loginTest" duration-ms="7" started-at="2020-10-18T09:00:30Z" data-provider="loginData2" finished-at="2020-10-18T09:00:30Z">
          <params>
            <param index="0">
              <value>
                <![CDATA[User3]]>
              </value>
            </param>
            <param index="1">
              <value>
                <![CDATA[Password3]]>
              </value>
            </param>
            <param index="2">
              <value>
                <![CDATA[1236]]>
              </value>
            </param>
          </params>
          <reporter-output>
          </reporter-output>
        </test-method> <!-- loginTest -->
        <test-method status="PASS" signature="loginTest(java.lang.String, java.lang.String, java.lang.String)[pri:0, instance:additionalAnnotations.dataProviderConcept@28feb3fa]" name="loginTest" duration-ms="3" started-at="2020-10-18T09:00:30Z" data-provider="loginData2" finished-at="2020-10-18T09:00:30Z">
          <params>
            <param index="0">
              <value>
                <![CDATA[User4]]>
              </value>
            </param>
            <param index="1">
              <value>
                <![CDATA[Password4]]>
              </value>
            </param>
            <param index="2">
              <value>
                <![CDATA[1237]]>
              </value>
            </param>
          </params>
          <reporter-output>
          </reporter-output>
        </test-method> <!-- loginTest -->
        <test-method status="PASS" signature="loginTest(java.lang.String, java.lang.String, java.lang.String)[pri:0, instance:additionalAnnotations.dataProviderConcept@28feb3fa]" name="loginTest" duration-ms="5" started-at="2020-10-18T09:00:30Z" data-provider="loginData2" finished-at="2020-10-18T09:00:30Z">
          <params>
            <param index="0">
              <value>
                <![CDATA[User5]]>
              </value>
            </param>
            <param index="1">
              <value>
                <![CDATA[Password5]]>
              </value>
            </param>
            <param index="2">
              <value>
                <![CDATA[1238]]>
              </value>
            </param>
          </params>
          <reporter-output>
          </reporter-output>
        </test-method> <!-- loginTest -->
        <test-method status="PASS" signature="loginTest(java.lang.String, java.lang.String, java.lang.String)[pri:0, instance:additionalAnnotations.dataProviderConcept@28feb3fa]" name="loginTest" duration-ms="4" started-at="2020-10-18T09:00:30Z" data-provider="loginData2" finished-at="2020-10-18T09:00:30Z">
          <params>
            <param index="0">
              <value>
                <![CDATA[User6]]>
              </value>
            </param>
            <param index="1">
              <value>
                <![CDATA[Password6]]>
              </value>
            </param>
            <param index="2">
              <value>
                <![CDATA[1239]]>
              </value>
            </param>
          </params>
          <reporter-output>
          </reporter-output>
        </test-method> <!-- loginTest -->
        <test-method status="PASS" signature="loginTest(java.lang.String, java.lang.String, java.lang.String)[pri:0, instance:additionalAnnotations.dataProviderConcept@28feb3fa]" name="loginTest" duration-ms="9" started-at="2020-10-18T09:00:30Z" data-provider="loginData2" finished-at="2020-10-18T09:00:30Z">
          <params>
            <param index="0">
              <value>
                <![CDATA[User7]]>
              </value>
            </param>
            <param index="1">
              <value>
                <![CDATA[Password7]]>
              </value>
            </param>
            <param index="2">
              <value>
                <![CDATA[1240]]>
              </value>
            </param>
          </params>
          <reporter-output>
          </reporter-output>
        </test-method> <!-- loginTest -->
        <test-method status="PASS" signature="loginTest(java.lang.String, java.lang.String, java.lang.String)[pri:0, instance:additionalAnnotations.dataProviderConcept@28feb3fa]" name="loginTest" duration-ms="4" started-at="2020-10-18T09:00:30Z" data-provider="loginData2" finished-at="2020-10-18T09:00:30Z">
          <params>
            <param index="0">
              <value>
                <![CDATA[User8]]>
              </value>
            </param>
            <param index="1">
              <value>
                <![CDATA[Password8]]>
              </value>
            </param>
            <param index="2">
              <value>
                <![CDATA[1241]]>
              </value>
            </param>
          </params>
          <reporter-output>
          </reporter-output>
        </test-method> <!-- loginTest -->
        <test-method status="PASS" signature="loginTest(java.lang.String, java.lang.String, java.lang.String)[pri:0, instance:additionalAnnotations.dataProviderConcept@28feb3fa]" name="loginTest" duration-ms="6" started-at="2020-10-18T09:00:30Z" data-provider="loginData2" finished-at="2020-10-18T09:00:30Z">
          <params>
            <param index="0">
              <value>
                <![CDATA[User9]]>
              </value>
            </param>
            <param index="1">
              <value>
                <![CDATA[Password9]]>
              </value>
            </param>
            <param index="2">
              <value>
                <![CDATA[1242]]>
              </value>
            </param>
          </params>
          <reporter-output>
          </reporter-output>
        </test-method> <!-- loginTest -->
        <test-method status="PASS" signature="loginTest(java.lang.String, java.lang.String, java.lang.String)[pri:0, instance:additionalAnnotations.dataProviderConcept@28feb3fa]" name="loginTest" duration-ms="4" started-at="2020-10-18T09:00:30Z" data-provider="loginData2" finished-at="2020-10-18T09:00:30Z">
          <params>
            <param index="0">
              <value>
                <![CDATA[User10]]>
              </value>
            </param>
            <param index="1">
              <value>
                <![CDATA[Password10]]>
              </value>
            </param>
            <param index="2">
              <value>
                <![CDATA[1243]]>
              </value>
            </param>
          </params>
          <reporter-output>
          </reporter-output>
        </test-method> <!-- loginTest -->
      </class> <!-- additionalAnnotations.dataProviderConcept -->
    </test> <!-- Default test -->
  </suite> <!-- Default suite -->
</testng-results>
