<?xml version="1.0" encoding="UTF-8"?>
<!-- Generated by org.testng.reporters.JUnitXMLReporter -->
<testsuite hostname="DESKTOP-I12I50L" ignored="0" name="Default test" tests="3" failures="0" timestamp="23 Oct 2020 20:04:54 GMT" time="0.128" errors="0">
  <testcase name="loginTest" time="0.033" classname="additionalAnnotation.DataProviderConcept"/>
  <testcase name="loginTest" time="0.006" classname="additionalAnnotation.DataProviderConcept"/>
  <testcase name="loginTest" time="0.004" classname="additionalAnnotation.DataProviderConcept"/>
</testsuite> <!-- Default test -->
