<?xml version="1.0" encoding="UTF-8"?>
<!-- Generated by org.testng.reporters.JUnitXMLReporter -->
<testsuite hostname="DESKTOP-I12I50L" ignored="0" name="Default test" tests="4" failures="0" timestamp="20 Nov 2020 09:33:44 GMT" time="17.767" errors="0">
  <testcase name="testAutomobileLink" time="3.236" classname="testScripts.Home.TC_HomePage_Validation"/>
  <testcase name="testCamperLink" time="0.002" classname="testScripts.Home.TC_HomePage_Validation"/>
  <testcase name="testMotorCycleLink" time="0.002" classname="testScripts.Home.TC_HomePage_Validation"/>
  <testcase name="testTruckLink" time="0.002" classname="testScripts.Home.TC_HomePage_Validation"/>
</testsuite> <!-- Default test -->
