<?xml version="1.0" encoding="UTF-8"?>
<!-- Generated by org.testng.reporters.JUnitXMLReporter -->
<testsuite hostname="DESKTOP-I12I50L" ignored="0" name="Test" tests="4" failures="2" timestamp="22 Oct 2020 10:28:03 GMT" time="0.103" errors="0">
  <testcase name="test1" time="0.012" classname="basicAnnotations_Practice.Testing_practice"/>
  <testcase name="test2" time="0.004" classname="basicAnnotations_Practice.Testing_practice">
    <failure type="java.lang.ArithmeticException" message="/ by zero">
      <![CDATA[java.lang.ArithmeticException: / by zero
at basicAnnotations_Practice.Testing_practice.test2(Testing_practice.java:52)
... Removed 25 stack frames]]>
    </failure>
  </testcase> <!-- test2 -->
  <testcase name="test1" time="0.004" classname="basicAnnotations_Practice.Testing2_practice"/>
  <testcase name="test2" time="0.004" classname="basicAnnotations_Practice.Testing2_practice">
    <failure type="java.lang.ArithmeticException" message="/ by zero">
      <![CDATA[java.lang.ArithmeticException: / by zero
at basicAnnotations_Practice.Testing2_practice.test2(Testing2_practice.java:38)
... Removed 25 stack frames]]>
    </failure>
  </testcase> <!-- test2 -->
</testsuite> <!-- Test -->
