<?xml version="1.0" encoding="UTF-8"?>
<!-- Generated by org.testng.reporters.JUnitXMLReporter -->
<testsuite hostname="DESKTOP-I12I50L" ignored="0" name="Test - firefox" tests="4" failures="1" timestamp="20 Nov 2020 17:42:50 GMT" time="22.289" errors="0">
  <testcase name="testAutomobileLink" time="0.076" classname="testScripts.Home.TC_HomePage_Validation">
    <failure type="java.lang.AssertionError" message="Automobile link is not present on Home page expected [true] but found [false]">
      <![CDATA[java.lang.AssertionError: Automobile link is not present on Home page expected [true] but found [false]
at testScripts.Home.TC_HomePage_Validation.testAutomobileLink(TC_HomePage_Validation.java:61)
at java.util.concurrent.FutureTask.run(Unknown Source)
at java.util.concurrent.ThreadPoolExecutor.runWorker(Unknown Source)
at java.util.concurrent.ThreadPoolExecutor$Worker.run(Unknown Source)
at java.lang.Thread.run(Unknown Source)
... Removed 19 stack frames]]>
    </failure>
  </testcase> <!-- testAutomobileLink -->
  <testcase name="testCamperLink" time="0.001" classname="testScripts.Home.TC_HomePage_Validation"/>
  <testcase name="testMotorCycleLink" time="0.002" classname="testScripts.Home.TC_HomePage_Validation"/>
  <testcase name="testTruckLink" time="0.003" classname="testScripts.Home.TC_HomePage_Validation"/>
</testsuite> <!-- Test - firefox -->
