<?xml version="1.0" encoding="UTF-8"?>
<!-- Generated by org.testng.reporters.JUnitXMLReporter -->
<testsuite hostname="DESKTOP-I12I50L" ignored="0" name="Test" tests="4" failures="0" timestamp="20 Nov 2020 15:56:47 GMT" time="61.28" errors="0">
  <testcase name="testAutomobileLink" time="3.534" classname="testScripts.Home.TC_HomePage_Validation"/>
  <testcase name="testCamperLink" time="0.002" classname="testScripts.Home.TC_HomePage_Validation"/>
  <testcase name="testMotorCycleLink" time="0.003" classname="testScripts.Home.TC_HomePage_Validation"/>
  <testcase name="testTruckLink" time="0.003" classname="testScripts.Home.TC_HomePage_Validation"/>
</testsuite> <!-- Test -->
