<?xml version="1.0" encoding="UTF-8"?>
<!-- Generated by org.testng.reporters.JUnitXMLReporter -->
<testsuite hostname="DESKTOP-I12I50L" ignored="0" name="Payment Module" tests="4" failures="2" timestamp="17 Oct 2020 04:26:14 GMT" time="0.112" errors="0">
  <testcase name="Test1" time="0.011" classname="payment.Testing"/>
  <testcase name="Test2" time="0.003" classname="payment.Testing">
    <failure type="java.lang.ArithmeticException" message="/ by zero">
      <![CDATA[java.lang.ArithmeticException: / by zero
at payment.Testing.Test2(Testing.java:50)
... Removed 25 stack frames]]>
    </failure>
  </testcase> <!-- Test2 -->
  <testcase name="Test1" time="0.005" classname="payment.Testing2"/>
  <testcase name="Test2" time="0.002" classname="payment.Testing2">
    <failure type="java.lang.ArithmeticException" message="/ by zero">
      <![CDATA[java.lang.ArithmeticException: / by zero
at payment.Testing2.Test2(Testing2.java:40)
... Removed 25 stack frames]]>
    </failure>
  </testcase> <!-- Test2 -->
</testsuite> <!-- Payment Module -->
