<?xml version="1.0" encoding="UTF-8"?>
<testng-results skipped="0" failed="0" ignored="0" total="1" passed="1">
  <reporter-output>
  </reporter-output>
  <suite name="Suite" duration-ms="44754" started-at="2020-11-20T18:44:42Z" finished-at="2020-11-20T18:45:27Z">
    <groups>
    </groups>
    <test name="ForFireFox" duration-ms="44754" started-at="2020-11-20T18:44:42Z" finished-at="2020-11-20T18:45:27Z">
      <class name="seleniumBasicFeaturesPractice1.Element_10_UploadFile">
        <test-method status="PASS" signature="uplaodFile(java.lang.String)[pri:0, instance:seleniumBasicFeaturesPractice1.Element_10_UploadFile@62ee68d8]" name="uplaodFile" duration-ms="44706" started-at="2020-11-20T18:44:43Z" finished-at="2020-11-20T18:45:27Z">
          <params>
            <param index="0">
              <value>
                <![CDATA[firefox]]>
              </value>
            </param>
          </params>
          <reporter-output>
          </reporter-output>
        </test-method> <!-- uplaodFile -->
      </class> <!-- seleniumBasicFeaturesPractice1.Element_10_UploadFile -->
    </test> <!-- ForFireFox -->
  </suite> <!-- Suite -->
</testng-results>
