<?xml version="1.0" encoding="UTF-8"?>
<testng-results skipped="0" failed="0" ignored="0" total="1" passed="1">
  <reporter-output>
  </reporter-output>
  <suite name="Suite" duration-ms="62" started-at="2020-10-24T06:17:19Z" finished-at="2020-10-24T06:17:19Z">
    <groups>
    </groups>
    <test name="Test" duration-ms="62" started-at="2020-10-24T06:17:19Z" finished-at="2020-10-24T06:17:19Z">
      <class name="basicFunctions.ParametersConcept">
        <test-method status="PASS" signature="launchBrowser(java.lang.String, int)[pri:0, instance:basicFunctions.ParametersConcept@100fc185]" name="launchBrowser" duration-ms="15" started-at="2020-10-24T06:17:19Z" finished-at="2020-10-24T06:17:19Z">
          <params>
            <param index="0">
              <value>
                <![CDATA[Edge]]>
              </value>
            </param>
            <param index="1">
              <value>
                <![CDATA[2]]>
              </value>
            </param>
          </params>
          <reporter-output>
          </reporter-output>
        </test-method> <!-- launchBrowser -->
      </class> <!-- basicFunctions.ParametersConcept -->
    </test> <!-- Test -->
  </suite> <!-- Suite -->
</testng-results>
