<?xml version="1.0" encoding="UTF-8"?>
<testng-results skipped="0" failed="0" ignored="0" total="3" passed="3">
  <reporter-output>
  </reporter-output>
  <suite name="Default suite" duration-ms="128" started-at="2020-10-23T20:04:53Z" finished-at="2020-10-23T20:04:53Z">
    <groups>
    </groups>
    <test name="Default test" duration-ms="128" started-at="2020-10-23T20:04:53Z" finished-at="2020-10-23T20:04:53Z">
      <class name="additionalAnnotation.DataProviderConcept">
        <test-method status="PASS" signature="loginTest(java.lang.String, java.lang.String)[pri:0, instance:additionalAnnotation.DataProviderConcept@6cc4c815]" name="loginTest" duration-ms="33" started-at="2020-10-23T20:04:53Z" data-provider="testData" finished-at="2020-10-23T20:04:53Z">
          <params>
            <param index="0">
              <value>
                <![CDATA[UserName1]]>
              </value>
            </param>
            <param index="1">
              <value>
                <![CDATA[Password1]]>
              </value>
            </param>
          </params>
          <reporter-output>
          </reporter-output>
        </test-method> <!-- loginTest -->
        <test-method status="PASS" signature="loginTest(java.lang.String, java.lang.String)[pri:0, instance:additionalAnnotation.DataProviderConcept@6cc4c815]" name="loginTest" duration-ms="6" started-at="2020-10-23T20:04:53Z" data-provider="testData" finished-at="2020-10-23T20:04:53Z">
          <params>
            <param index="0">
              <value>
                <![CDATA[UserName2]]>
              </value>
            </param>
            <param index="1">
              <value>
                <![CDATA[Password2]]>
              </value>
            </param>
          </params>
          <reporter-output>
          </reporter-output>
        </test-method> <!-- loginTest -->
        <test-method status="PASS" signature="loginTest(java.lang.String, java.lang.String)[pri:0, instance:additionalAnnotation.DataProviderConcept@6cc4c815]" name="loginTest" duration-ms="4" started-at="2020-10-23T20:04:53Z" data-provider="testData" finished-at="2020-10-23T20:04:53Z">
          <params>
            <param index="0">
              <value>
                <![CDATA[UserName3]]>
              </value>
            </param>
            <param index="1">
              <value>
                <![CDATA[Password3]]>
              </value>
            </param>
          </params>
          <reporter-output>
          </reporter-output>
        </test-method> <!-- loginTest -->
      </class> <!-- additionalAnnotation.DataProviderConcept -->
    </test> <!-- Default test -->
  </suite> <!-- Default suite -->
</testng-results>
