<?xml version="1.0" encoding="UTF-8"?>
<!-- Generated by org.testng.reporters.JUnitXMLReporter -->
<testsuite hostname="DESKTOP-I12I50L" ignored="1" name="Payment Module" tests="9" failures="2" timestamp="22 Oct 2020 17:30:15 GMT" time="0.129" errors="0">
  <testcase name="test2" time="0.013" classname="payment_Practice.Testing_practice">
    <failure type="java.lang.ArithmeticException" message="/ by zero">
      <![CDATA[java.lang.ArithmeticException: / by zero
at payment_Practice.Testing_practice.test2(Testing_practice.java:69)
... Removed 25 stack frames]]>
    </failure>
  </testcase> <!-- test2 -->
  <testcase name="test3" time="0.013" classname="payment_Practice.Testing_practice"/>
  <testcase name="test4" time="0.003" classname="payment_Practice.Testing_practice"/>
  <testcase name="test5" time="0.002" classname="payment_Practice.Testing_practice"/>
  <testcase name="test1" time="0.003" classname="payment_Practice.Testing2_practice"/>
  <testcase name="test2" time="0.005" classname="payment_Practice.Testing2_practice">
    <failure type="java.lang.ArithmeticException" message="/ by zero">
      <![CDATA[java.lang.ArithmeticException: / by zero
at payment_Practice.Testing2_practice.test2(Testing2_practice.java:38)
... Removed 25 stack frames]]>
    </failure>
  </testcase> <!-- test2 -->
  <testcase name="test3" time="0.002" classname="payment_Practice.Testing2_practice"/>
  <testcase name="test4" time="0.01" classname="payment_Practice.Testing2_practice"/>
  <testcase name="test5" time="0.001" classname="payment_Practice.Testing2_practice"/>
  <testcase name="test1" time="0.0" classname="payment_Practice.Testing_practice">
    <ignored/>
  </testcase> <!-- test1 -->
</testsuite> <!-- Payment Module -->
