<?xml version="1.0" encoding="UTF-8"?>
<!-- Generated by org.testng.reporters.JUnitXMLReporter -->
<testsuite hostname="DESKTOP-I12I50L" ignored="0" name="Report Module" tests="5" failures="1" timestamp="22 Oct 2020 17:30:15 GMT" time="0.044" errors="0">
  <testcase name="test1" time="0.002" classname="reports_Practice.Testing_practice"/>
  <testcase name="test2" time="0.003" classname="reports_Practice.Testing_practice">
    <failure type="java.lang.ArithmeticException" message="/ by zero">
      <![CDATA[java.lang.ArithmeticException: / by zero
at reports_Practice.Testing_practice.test2(Testing_practice.java:58)
... Removed 25 stack frames]]>
    </failure>
  </testcase> <!-- test2 -->
  <testcase name="test3" time="0.001" classname="reports_Practice.Testing_practice"/>
  <testcase name="test4" time="0.004" classname="reports_Practice.Testing_practice"/>
  <testcase name="test5" time="0.003" classname="reports_Practice.Testing_practice"/>
</testsuite> <!-- Report Module -->
