<?xml version="1.0" encoding="UTF-8"?>
<testng-results skipped="0" failed="0" ignored="0" total="1" passed="1">
  <reporter-output>
  </reporter-output>
  <suite name="Default suite" duration-ms="60" started-at="2020-11-22T14:08:08Z" finished-at="2020-11-22T14:08:08Z">
    <groups>
    </groups>
    <test name="Default test" duration-ms="60" started-at="2020-11-22T14:08:08Z" finished-at="2020-11-22T14:08:08Z">
      <class name="com.sampleApplication.test.FirstMavenClass">
        <test-method status="PASS" signature="test1()[pri:0, instance:com.sampleApplication.test.FirstMavenClass@18be83e4]" name="test1" duration-ms="20" started-at="2020-11-22T14:08:08Z" finished-at="2020-11-22T14:08:08Z">
          <reporter-output>
          </reporter-output>
        </test-method> <!-- test1 -->
      </class> <!-- com.sampleApplication.test.FirstMavenClass -->
    </test> <!-- Default test -->
  </suite> <!-- Default suite -->
</testng-results>
